This is pdfTeX, Version 3.1415926-2.3-1.40.12 (MiKTeX 2.9) (preloaded format=pdflatex 2017.2.17)  24 MAR 2017 23:04
entering extended mode
**T-CONV.tex
("C:\workspace\paper\2016. T-CONV\KDD 2017 version\version 0.1\T-CONV.tex"
LaTeX2e <2011/06/27>
Babel <v3.8m> and hyphenation patterns for loaded.
("C:\workspace\paper\2016. T-CONV\KDD 2017 version\version 0.1\acmart.cls"
Document Class: acmart 2017/02/15 v1.30 Typesetting articles for Association of
 Computing Machinery
(C:\CTEX\MiKTeX\tex\latex\xkeyval\xkeyval.sty
Package: xkeyval 2008/08/13 v2.6a package option processing (HA)

(C:\CTEX\MiKTeX\tex\generic\xkeyval\xkeyval.tex
\XKV@toks=\toks14
\XKV@tempa@toks=\toks15
\XKV@depth=\count79
File: xkeyval.tex 2008/08/13 v2.6a key=value parser (HA)

(C:\CTEX\MiKTeX\tex\generic\xkeyval\keyval.tex)))
Package acmart Info: Not using screen mode on input line 69.
Package acmart Info: Not using review mode on input line 77.
Package acmart Info: Not using authorversion mode on input line 85.
Package acmart Info: Not using anonymous mode on input line 103.
Class acmart Info: Using format sigconf, number 4 on input line 112.
Class acmart Info: Using fontsize 9pt on input line 168.

(C:\CTEX\MiKTeX\tex\latex\ams\classes\amsart.cls
Document Class: amsart 2009/07/02 v2.20.1
\linespacing=\dimen102
\normalparindent=\dimen103
\normaltopskip=\skip41
(C:\CTEX\MiKTeX\tex\latex\ams\math\amsmath.sty
Package: amsmath 2000/07/18 v2.13 AMS math features
\@mathmargin=\skip42

For additional information on amsmath, use the `?' option.
(C:\CTEX\MiKTeX\tex\latex\ams\math\amstext.sty
Package: amstext 2000/06/29 v2.01

(C:\CTEX\MiKTeX\tex\latex\ams\math\amsgen.sty
File: amsgen.sty 1999/11/30 v2.0
\@emptytoks=\toks16
\ex@=\dimen104
))
(C:\CTEX\MiKTeX\tex\latex\ams\math\amsbsy.sty
Package: amsbsy 1999/11/29 v1.2d
\pmbraise@=\dimen105
)
(C:\CTEX\MiKTeX\tex\latex\ams\math\amsopn.sty
Package: amsopn 1999/12/14 v2.01 operator names
)
\inf@bad=\count80
LaTeX Info: Redefining \frac on input line 211.
\uproot@=\count81
\leftroot@=\count82
LaTeX Info: Redefining \overline on input line 307.
\classnum@=\count83
\DOTSCASE@=\count84
LaTeX Info: Redefining \ldots on input line 379.
LaTeX Info: Redefining \dots on input line 382.
LaTeX Info: Redefining \cdots on input line 467.
\Mathstrutbox@=\box26
\strutbox@=\box27
\big@size=\dimen106
LaTeX Font Info:    Redeclaring font encoding OML on input line 567.
LaTeX Font Info:    Redeclaring font encoding OMS on input line 568.
\macc@depth=\count85
\c@MaxMatrixCols=\count86
\dotsspace@=\muskip10
\c@parentequation=\count87
\dspbrk@lvl=\count88
\tag@help=\toks17
\row@=\count89
\column@=\count90
\maxfields@=\count91
\andhelp@=\toks18
\eqnshift@=\dimen107
\alignsep@=\dimen108
\tagshift@=\dimen109
\tagwidth@=\dimen110
\totwidth@=\dimen111
\lineht@=\dimen112
\@envbody=\toks19
\multlinegap=\skip43
\multlinetaggap=\skip44
\mathdisplay@stack=\toks20
LaTeX Info: Redefining \[ on input line 2666.
LaTeX Info: Redefining \] on input line 2667.
)
LaTeX Font Info:    Try loading font information for U+msa on input line 388.

(C:\CTEX\MiKTeX\tex\latex\amsfonts\umsa.fd
File: umsa.fd 2009/06/22 v3.00 AMS symbols A
)
(C:\CTEX\MiKTeX\tex\latex\amsfonts\amsfonts.sty
Package: amsfonts 2009/06/22 v3.00 Basic AMSFonts support
\symAMSa=\mathgroup4
\symAMSb=\mathgroup5
LaTeX Font Info:    Overwriting math alphabet `\mathfrak' in version `bold'
(Font)                  U/euf/m/n --> U/euf/b/n on input line 96.
)
\copyins=\insert233
\abstractbox=\box28
\listisep=\skip45
\c@part=\count92
\c@section=\count93
\c@subsection=\count94
\c@subsubsection=\count95
\c@paragraph=\count96
\c@subparagraph=\count97
\c@figure=\count98
\c@table=\count99
\abovecaptionskip=\skip46
\belowcaptionskip=\skip47
\captionindent=\dimen113
\thm@style=\toks21
\thm@bodyfont=\toks22
\thm@headfont=\toks23
\thm@notefont=\toks24
\thm@headpunct=\toks25
\thm@preskip=\skip48
\thm@postskip=\skip49
\thm@headsep=\skip50
\dth@everypar=\toks26
)
(C:\CTEX\UserData\tex\latex\microtype\microtype.sty
Package: microtype 2016/05/14 v2.6a Micro-typographical refinements (RS)
\MT@toks=\toks27
\MT@count=\count100
LaTeX Info: Redefining \textls on input line 774.
\MT@outer@kern=\dimen114
LaTeX Info: Redefining \textmicrotypecontext on input line 1310.
\MT@listname@count=\count101

(C:\CTEX\UserData\tex\latex\microtype\microtype-pdftex.def
File: microtype-pdftex.def 2016/05/14 v2.6a Definitions specific to pdftex (RS)

LaTeX Info: Redefining \lsstyle on input line 916.
LaTeX Info: Redefining \lslig on input line 916.
\MT@outer@space=\skip51
)
Package microtype Info: Loading configuration file microtype.cfg.

(C:\CTEX\UserData\tex\latex\microtype\microtype.cfg
File: microtype.cfg 2016/05/14 v2.6a microtype main configuration file (RS)
))
(C:\CTEX\UserData\tex\latex\totpages\totpages.sty
Package: totpages 2005/09/19 v2.00 Totpages Package (muewi)

(C:\CTEX\UserData\tex\latex\ms\everyshi.sty
Package: everyshi 2001/05/15 v3.00 EveryShipout Package (MS)
))
(C:\CTEX\UserData\tex\latex\environ\environ.sty
Package: environ 2014/05/04 v0.3 A new way to define environments

(C:\CTEX\UserData\tex\latex\trimspaces\trimspaces.sty
Package: trimspaces 2009/09/17 v1.1 Trim spaces around a token list
))
(C:\CTEX\UserData\tex\latex\natbib\natbib.sty
Package: natbib 2010/09/13 8.31b (PWD, AO)
\bibhang=\skip52
\bibsep=\skip53
LaTeX Info: Redefining \cite on input line 694.
\c@NAT@ctr=\count102
)
(C:\CTEX\MiKTeX\tex\latex\hyperref\hyperref.sty
Package: hyperref 2012/02/06 v6.82o Hypertext links for LaTeX

(C:\CTEX\MiKTeX\tex\generic\oberdiek\hobsub-hyperref.sty
Package: hobsub-hyperref 2011/04/23 v1.4 Bundle oberdiek, subset hyperref (HO)

(C:\CTEX\MiKTeX\tex\generic\oberdiek\hobsub-generic.sty
Package: hobsub-generic 2011/04/23 v1.4 Bundle oberdiek, subset generic (HO)
Package: hobsub 2011/04/23 v1.4 Subsetting bundle oberdiek (HO)
Package: infwarerr 2010/04/08 v1.3 Providing info/warning/message (HO)
Package: ltxcmds 2011/04/18 v1.20 LaTeX kernel commands for general use (HO)
Package: ifluatex 2010/03/01 v1.3 Provides the ifluatex switch (HO)
Package ifluatex Info: LuaTeX not detected.
Package: ifvtex 2010/03/01 v1.5 Switches for detecting VTeX and its modes (HO)
Package ifvtex Info: VTeX not detected.
Package: intcalc 2007/09/27 v1.1 Expandable integer calculations (HO)
Package: ifpdf 2011/01/30 v2.3 Provides the ifpdf switch (HO)
Package ifpdf Info: pdfTeX in PDF mode is detected.
Package: etexcmds 2011/02/16 v1.5 Prefix for e-TeX command names (HO)
Package etexcmds Info: Could not find \expanded.
(etexcmds)             That can mean that you are not using pdfTeX 1.50 or
(etexcmds)             that some package has redefined \expanded.
(etexcmds)             In the latter case, load this package earlier.
Package: kvsetkeys 2011/04/07 v1.13 Key value parser (HO)
Package: kvdefinekeys 2011/04/07 v1.3 Defining keys (HO)
Package: pdftexcmds 2011/04/22 v0.16 Utilities of pdfTeX for LuaTeX (HO)
Package pdftexcmds Info: LuaTeX not detected.
Package pdftexcmds Info: \pdf@primitive is available.
Package pdftexcmds Info: \pdf@ifprimitive is available.
Package pdftexcmds Info: \pdfdraftmode found.
Package: pdfescape 2011/04/04 v1.12 Provides string conversions (HO)
Package: bigintcalc 2011/01/30 v1.2 Expandable big integer calculations (HO)
Package: bitset 2011/01/30 v1.1 Data type bit set (HO)
Package: uniquecounter 2011/01/30 v1.2 Provides unlimited unique counter (HO)
)
Package hobsub Info: Skipping package `hobsub' (already loaded).
Package: letltxmacro 2010/09/02 v1.4 Let assignment for LaTeX macros (HO)
Package: hopatch 2011/01/30 v1.0 Wrapper for package hooks (HO)
Package: xcolor-patch 2011/01/30 xcolor patch
Package: atveryend 2011/04/23 v1.7 Hooks at very end of document (HO)
Package: atbegshi 2011/01/30 v1.15 At begin shipout hook (HO)
Package: refcount 2010/12/01 v3.2 Data extraction from references (HO)
Package: hycolor 2011/01/30 v1.7 Color options of hyperref/bookmark (HO)
)
(C:\CTEX\MiKTeX\tex\generic\ifxetex\ifxetex.sty
Package: ifxetex 2010/09/12 v0.6 Provides ifxetex conditional
)
(C:\CTEX\MiKTeX\tex\latex\oberdiek\kvoptions.sty
Package: kvoptions 2010/12/23 v3.10 Keyval support for LaTeX options (HO)
)
\@linkdim=\dimen115
\Hy@linkcounter=\count103
\Hy@pagecounter=\count104

(C:\CTEX\MiKTeX\tex\latex\hyperref\pd1enc.def
File: pd1enc.def 2012/02/06 v6.82o Hyperref: PDFDocEncoding definition (HO)
)
\Hy@SavedSpaceFactor=\count105

(C:\CTEX\MiKTeX\tex\latex\00miktex\hyperref.cfg
File: hyperref.cfg 2002/06/06 v1.2 hyperref configuration of TeXLive
)
Package hyperref Info: Option `bookmarksnumbered' set `true' on input line 3925
.
Package hyperref Info: Option `unicode' set `true' on input line 3925.

(C:\CTEX\MiKTeX\tex\latex\hyperref\puenc.def
File: puenc.def 2012/02/06 v6.82o Hyperref: PDF Unicode definition (HO)
)
Package hyperref Info: Hyper figures OFF on input line 4046.
Package hyperref Info: Link nesting OFF on input line 4051.
Package hyperref Info: Hyper index ON on input line 4054.
Package hyperref Info: Plain pages OFF on input line 4061.
Package hyperref Info: Backreferencing OFF on input line 4066.
Package hyperref Info: Implicit mode ON; LaTeX internals redefined.
Package hyperref Info: Bookmarks ON on input line 4284.
\c@Hy@tempcnt=\count106

(C:\CTEX\MiKTeX\tex\latex\ltxmisc\url.sty
\Urlmuskip=\muskip11
Package: url 2006/04/12  ver 3.3  Verb mode for urls, etc.
)
LaTeX Info: Redefining \url on input line 4637.
\Fld@menulength=\count107
\Field@Width=\dimen116
\Fld@charsize=\dimen117
Package hyperref Info: Hyper figures OFF on input line 5757.
Package hyperref Info: Link nesting OFF on input line 5762.
Package hyperref Info: Hyper index ON on input line 5765.
Package hyperref Info: backreferencing OFF on input line 5772.
Package hyperref Info: Link coloring OFF on input line 5777.
Package hyperref Info: Link coloring with OCG OFF on input line 5782.
Package hyperref Info: PDF/A mode OFF on input line 5787.
LaTeX Info: Redefining \ref on input line 5827.
LaTeX Info: Redefining \pageref on input line 5831.
\Hy@abspage=\count108
\c@Item=\count109
\c@Hfootnote=\count110
)

Package hyperref Message: Driver (autodetected): hpdftex.

(C:\CTEX\MiKTeX\tex\latex\hyperref\hpdftex.def
File: hpdftex.def 2012/02/06 v6.82o Hyperref driver for pdfTeX
\Fld@listcount=\count111
\c@bookmark@seq@number=\count112

(C:\CTEX\MiKTeX\tex\latex\oberdiek\rerunfilecheck.sty
Package: rerunfilecheck 2011/04/15 v1.7 Rerun checks for auxiliary files (HO)
Package uniquecounter Info: New unique counter `rerunfilecheck' on input line 2
82.
)
\Hy@SectionHShift=\skip54
)
(C:\CTEX\MiKTeX\tex\latex\graphics\graphicx.sty
Package: graphicx 1999/02/16 v1.0f Enhanced LaTeX Graphics (DPC,SPQR)

(C:\CTEX\MiKTeX\tex\latex\graphics\graphics.sty
Package: graphics 2009/02/05 v1.0o Standard LaTeX Graphics (DPC,SPQR)

(C:\CTEX\MiKTeX\tex\latex\graphics\trig.sty
Package: trig 1999/03/16 v1.09 sin cos tan (DPC)
)
(C:\CTEX\MiKTeX\tex\latex\00miktex\graphics.cfg
File: graphics.cfg 2007/01/18 v1.5 graphics configuration of teTeX/TeXLive
)
Package graphics Info: Driver file: pdftex.def on input line 91.

(C:\CTEX\MiKTeX\tex\latex\pdftex-def\pdftex.def
File: pdftex.def 2011/05/27 v0.06d Graphics/color for pdfTeX
\Gread@gobject=\count113
))
\Gin@req@height=\dimen118
\Gin@req@width=\dimen119
)
(C:\CTEX\UserData\tex\latex\xcolor\xcolor.sty
Package: xcolor 2016/05/11 v2.12 LaTeX color extensions (UK)

(C:\CTEX\MiKTeX\tex\latex\00miktex\color.cfg
File: color.cfg 2007/01/18 v1.5 color configuration of teTeX/TeXLive
)
Package xcolor Info: Driver file: pdftex.def on input line 225.
Package xcolor Info: Model `cmy' substituted by `cmy0' on input line 1348.
Package xcolor Info: Model `hsb' substituted by `rgb' on input line 1352.
Package xcolor Info: Model `RGB' extended on input line 1364.
Package xcolor Info: Model `HTML' substituted by `rgb' on input line 1366.
Package xcolor Info: Model `Hsb' substituted by `hsb' on input line 1367.
Package xcolor Info: Model `tHsb' substituted by `hsb' on input line 1368.
Package xcolor Info: Model `HSB' substituted by `hsb' on input line 1369.
Package xcolor Info: Model `Gray' substituted by `gray' on input line 1370.
Package xcolor Info: Model `wave' substituted by `hsb' on input line 1371.
)
(C:\CTEX\MiKTeX\tex\latex\geometry\geometry.sty
Package: geometry 2010/09/12 v5.6 Page Geometry
\Gm@cnth=\count114
\Gm@cntv=\count115
\c@Gm@tempcnt=\count116
\Gm@bindingoffset=\dimen120
\Gm@wd@mp=\dimen121
\Gm@odd@mp=\dimen122
\Gm@even@mp=\dimen123
\Gm@layoutwidth=\dimen124
\Gm@layoutheight=\dimen125
\Gm@layouthoffset=\dimen126
\Gm@layoutvoffset=\dimen127
\Gm@dimlist=\toks28

(C:\CTEX\MiKTeX\tex\latex\geometry\geometry.cfg))
(C:\CTEX\UserData\tex\latex\ncctools\manyfoot.sty
Package: manyfoot 2005/09/11 v1.10 Many Footnote Levels Package (NCC)

(C:\CTEX\UserData\tex\latex\ncctools\nccfoots.sty
Package: nccfoots 2005/02/03 v1.2 NCC Footnotes Package (NCC)
)
\MFL@columnwidth=\dimen128
)
\footinscopyrightpermission=\insert232
\c@footnotecopyrightpermission=\count117


Class acmart Warning: You do not have zi4 package installed. Please upgrade you
r TeX on input line 541.


Class acmart Warning: You do not have newtxmath package installed. Please upgra
de your TeX on input line 544.

(C:\CTEX\UserData\tex\latex\caption\caption.sty
Package: caption 2016/02/21 v3.3-144 Customizing captions (AR)

(C:\CTEX\UserData\tex\latex\caption\caption3.sty
Package: caption3 2016/05/22 v1.7-166 caption3 kernel (AR)
Package caption3 Info: TeX engine: e-TeX on input line 67.
\captionmargin=\dimen129
\captionmargin@=\dimen130
\captionwidth=\dimen131
\caption@tempdima=\dimen132
\caption@indent=\dimen133
\caption@parindent=\dimen134
\caption@hangindent=\dimen135
)
Package caption Info: AMS or SMF document class.
\c@ContinuedFloat=\count118
Package caption Info: hyperref package is loaded.
)
(C:\CTEX\MiKTeX\tex\latex\float\float.sty
Package: float 2001/11/08 v1.3d Float enhancements (AL)
\c@float@type=\count119
\float@exts=\toks29
\float@box=\box29
\@float@everytoks=\toks30
\@floatcapt=\box30
)
\@float@every@sidebar=\toks31
\c@sidebar=\count120
\fulltextwidth=\dimen136
\num@authorgroups=\count121
\@ACM@badge@width=\skip55
\@ACM@title@width=\skip56
\@ACM@badge@skip=\skip57
Class acmart Info: Printing CCS on input line 1049.
Class acmart Info: Printing bibformat on input line 1049.
Class acmart Info: Suppressing folios on input line 1056.

(C:\CTEX\UserData\tex\latex\comment\comment.sty
\CommentStream=\write3
 Excluding comment 'comment')
Excluding comment 'CCSXML' (C:\CTEX\MiKTeX\tex\latex\base\textcomp.sty
Package: textcomp 2005/09/27 v1.99g Standard LaTeX package
Package textcomp Info: Sub-encoding information:
(textcomp)               5 = only ISO-Adobe without \textcurrency
(textcomp)               4 = 5 + \texteuro
(textcomp)               3 = 4 + \textohm
(textcomp)               2 = 3 + \textestimated + \textcurrency
(textcomp)               1 = TS1 - \textcircled - \t
(textcomp)               0 = TS1 (full)
(textcomp)             Font families with sub-encoding setting implement
(textcomp)             only a restricted character set as indicated.
(textcomp)             Family '?' is the default used for unknown fonts.
(textcomp)             See the documentation for details.
Package textcomp Info: Setting ? sub-encoding to TS1/1 on input line 71.

(C:\CTEX\MiKTeX\tex\latex\base\ts1enc.def
File: ts1enc.def 2001/06/05 v3.0e (jk/car/fm) Standard LaTeX file
)
LaTeX Info: Redefining \oldstylenums on input line 266.
Package textcomp Info: Setting cmr sub-encoding to TS1/0 on input line 281.
Package textcomp Info: Setting cmss sub-encoding to TS1/0 on input line 282.
Package textcomp Info: Setting cmtt sub-encoding to TS1/0 on input line 283.
Package textcomp Info: Setting cmvtt sub-encoding to TS1/0 on input line 284.
Package textcomp Info: Setting cmbr sub-encoding to TS1/0 on input line 285.
Package textcomp Info: Setting cmtl sub-encoding to TS1/0 on input line 286.
Package textcomp Info: Setting ccr sub-encoding to TS1/0 on input line 287.
Package textcomp Info: Setting ptm sub-encoding to TS1/4 on input line 288.
Package textcomp Info: Setting pcr sub-encoding to TS1/4 on input line 289.
Package textcomp Info: Setting phv sub-encoding to TS1/4 on input line 290.
Package textcomp Info: Setting ppl sub-encoding to TS1/3 on input line 291.
Package textcomp Info: Setting pag sub-encoding to TS1/4 on input line 292.
Package textcomp Info: Setting pbk sub-encoding to TS1/4 on input line 293.
Package textcomp Info: Setting pnc sub-encoding to TS1/4 on input line 294.
Package textcomp Info: Setting pzc sub-encoding to TS1/4 on input line 295.
Package textcomp Info: Setting bch sub-encoding to TS1/4 on input line 296.
Package textcomp Info: Setting put sub-encoding to TS1/5 on input line 297.
Package textcomp Info: Setting uag sub-encoding to TS1/5 on input line 298.
Package textcomp Info: Setting ugq sub-encoding to TS1/5 on input line 299.
Package textcomp Info: Setting ul8 sub-encoding to TS1/4 on input line 300.
Package textcomp Info: Setting ul9 sub-encoding to TS1/4 on input line 301.
Package textcomp Info: Setting augie sub-encoding to TS1/5 on input line 302.
Package textcomp Info: Setting dayrom sub-encoding to TS1/3 on input line 303.
Package textcomp Info: Setting dayroms sub-encoding to TS1/3 on input line 304.

Package textcomp Info: Setting pxr sub-encoding to TS1/0 on input line 305.
Package textcomp Info: Setting pxss sub-encoding to TS1/0 on input line 306.
Package textcomp Info: Setting pxtt sub-encoding to TS1/0 on input line 307.
Package textcomp Info: Setting txr sub-encoding to TS1/0 on input line 308.
Package textcomp Info: Setting txss sub-encoding to TS1/0 on input line 309.
Package textcomp Info: Setting txtt sub-encoding to TS1/0 on input line 310.
Package textcomp Info: Setting lmr sub-encoding to TS1/0 on input line 311.
Package textcomp Info: Setting lmdh sub-encoding to TS1/0 on input line 312.
Package textcomp Info: Setting lmss sub-encoding to TS1/0 on input line 313.
Package textcomp Info: Setting lmssq sub-encoding to TS1/0 on input line 314.
Package textcomp Info: Setting lmvtt sub-encoding to TS1/0 on input line 315.
Package textcomp Info: Setting qhv sub-encoding to TS1/0 on input line 316.
Package textcomp Info: Setting qag sub-encoding to TS1/0 on input line 317.
Package textcomp Info: Setting qbk sub-encoding to TS1/0 on input line 318.
Package textcomp Info: Setting qcr sub-encoding to TS1/0 on input line 319.
Package textcomp Info: Setting qcs sub-encoding to TS1/0 on input line 320.
Package textcomp Info: Setting qpl sub-encoding to TS1/0 on input line 321.
Package textcomp Info: Setting qtm sub-encoding to TS1/0 on input line 322.
Package textcomp Info: Setting qzc sub-encoding to TS1/0 on input line 323.
Package textcomp Info: Setting qhvc sub-encoding to TS1/0 on input line 324.
Package textcomp Info: Setting futs sub-encoding to TS1/4 on input line 325.
Package textcomp Info: Setting futx sub-encoding to TS1/4 on input line 326.
Package textcomp Info: Setting futj sub-encoding to TS1/4 on input line 327.
Package textcomp Info: Setting hlh sub-encoding to TS1/3 on input line 328.
Package textcomp Info: Setting hls sub-encoding to TS1/3 on input line 329.
Package textcomp Info: Setting hlst sub-encoding to TS1/3 on input line 330.
Package textcomp Info: Setting hlct sub-encoding to TS1/5 on input line 331.
Package textcomp Info: Setting hlx sub-encoding to TS1/5 on input line 332.
Package textcomp Info: Setting hlce sub-encoding to TS1/5 on input line 333.
Package textcomp Info: Setting hlcn sub-encoding to TS1/5 on input line 334.
Package textcomp Info: Setting hlcw sub-encoding to TS1/5 on input line 335.
Package textcomp Info: Setting hlcf sub-encoding to TS1/5 on input line 336.
Package textcomp Info: Setting pplx sub-encoding to TS1/3 on input line 337.
Package textcomp Info: Setting pplj sub-encoding to TS1/3 on input line 338.
Package textcomp Info: Setting ptmx sub-encoding to TS1/4 on input line 339.
Package textcomp Info: Setting ptmj sub-encoding to TS1/4 on input line 340.
)
\mktitle@bx=\box31
\@ACM@commabox=\box32
\author@bx=\box33
\author@bx@wd=\dimen137
\author@bx@sep=\skip58

(C:\CTEX\MiKTeX\tex\latex\fancyhdr\fancyhdr.sty
\fancy@headwidth=\skip59
\f@ncyO@elh=\skip60
\f@ncyO@erh=\skip61
\f@ncyO@olh=\skip62
\f@ncyO@orh=\skip63
\f@ncyO@elf=\skip64
\f@ncyO@erf=\skip65
\f@ncyO@olf=\skip66
\f@ncyO@orf=\skip67
)
\@folio@wd=\dimen138
\@folio@ht=\dimen139
\@folio@voffset=\dimen140
\c@theorem=\count122
 Special comment 'acks'
Excluding comment 'screenonly' Include comment 'printonly'
Include comment 'anonsuppress') (C:\CTEX\MiKTeX\tex\latex\psnfss\times.sty
Package: times 2005/04/12 PSNFSS-v9.2a (SPQR) 
)
(C:\CTEX\MiKTeX\tex\latex\psnfss\helvet.sty
Package: helvet 2005/04/12 PSNFSS-v9.2a (WaS) 
)
(C:\CTEX\MiKTeX\tex\latex\psnfss\courier.sty
Package: courier 2005/04/12 PSNFSS-v9.2a (WaS) 
)
(C:\CTEX\UserData\tex\latex\subfigure\subfigure.sty
Package: subfigure 2002/07/30 v2.1.4 subfigure package
\subfigtopskip=\skip68
\subfigcapskip=\skip69
\subfigcaptopadj=\dimen141
\subfigbottomskip=\skip70
\subfigcapmargin=\dimen142
\subfiglabelskip=\skip71
\c@subfigure=\count123
\c@lofdepth=\count124
\c@subtable=\count125
\c@lotdepth=\count126

****************************************
* Local config file subfigure.cfg used *
****************************************
(C:\CTEX\UserData\tex\latex\subfigure\subfigure.cfg)
\subfig@top=\skip72
\subfig@bottom=\skip73
)
(C:\CTEX\MiKTeX\tex\latex\amsfonts\amssymb.sty
Package: amssymb 2009/06/22 v3.00
)

LaTeX Warning: Unused global option(s):
    [sigconf].

("C:\workspace\paper\2016. T-CONV\KDD 2017 version\version 0.1\T-CONV.aux")
LaTeX Font Info:    Checking defaults for OML/cmm/m/it on input line 19.
LaTeX Font Info:    ... okay on input line 19.
LaTeX Font Info:    Checking defaults for T1/cmr/m/n on input line 19.
LaTeX Font Info:    ... okay on input line 19.
LaTeX Font Info:    Checking defaults for OT1/cmr/m/n on input line 19.
LaTeX Font Info:    ... okay on input line 19.
LaTeX Font Info:    Checking defaults for OMS/cmsy/m/n on input line 19.
LaTeX Font Info:    ... okay on input line 19.
LaTeX Font Info:    Checking defaults for OMX/cmex/m/n on input line 19.
LaTeX Font Info:    ... okay on input line 19.
LaTeX Font Info:    Checking defaults for U/cmr/m/n on input line 19.
LaTeX Font Info:    ... okay on input line 19.
LaTeX Font Info:    Checking defaults for PD1/pdf/m/n on input line 19.
LaTeX Font Info:    ... okay on input line 19.
LaTeX Font Info:    Checking defaults for PU/pdf/m/n on input line 19.
LaTeX Font Info:    ... okay on input line 19.
LaTeX Font Info:    Checking defaults for TS1/cmr/m/n on input line 19.
LaTeX Font Info:    Try loading font information for TS1+cmr on input line 19.

(C:\CTEX\MiKTeX\tex\latex\base\ts1cmr.fd
File: ts1cmr.fd 1999/05/25 v2.5h Standard LaTeX font definitions
)
LaTeX Font Info:    ... okay on input line 19.
LaTeX Font Info:    Try loading font information for OT1+ptm on input line 19.

(C:\CTEX\MiKTeX\tex\latex\psnfss\ot1ptm.fd
File: ot1ptm.fd 2001/06/04 font definitions for OT1/ptm.
)
LaTeX Font Info:    Try loading font information for U+msa on input line 19.

(C:\CTEX\MiKTeX\tex\latex\amsfonts\umsa.fd
File: umsa.fd 2009/06/22 v3.00 AMS symbols A
)
LaTeX Font Info:    Try loading font information for U+msb on input line 19.

(C:\CTEX\MiKTeX\tex\latex\amsfonts\umsb.fd
File: umsb.fd 2009/06/22 v3.00 AMS symbols B
)
LaTeX Info: Redefining \microtypecontext on input line 19.
Package microtype Info: Generating PDF output.
Package microtype Info: Character protrusion enabled (level 2).
Package microtype Info: Using default protrusion set `alltext'.
Package microtype Info: Automatic font expansion enabled (level 2),
(microtype)             stretch: 20, shrink: 20, step: 1, non-selected.
Package microtype Info: Using default expansion set `basictext'.
Package microtype Info: No adjustment of tracking.
Package microtype Info: No adjustment of interword spacing.
Package microtype Info: No adjustment of character kerning.

(C:\CTEX\UserData\tex\latex\microtype\mt-ptm.cfg
File: mt-ptm.cfg 2006/04/20 v1.7 microtype config. file: Times (RS)
)
ABD: EveryShipout initializing macros
\AtBeginShipoutBox=\box34
Package hyperref Info: Link coloring OFF on input line 19.

(C:\CTEX\MiKTeX\tex\latex\hyperref\nameref.sty
Package: nameref 2010/04/30 v2.40 Cross-referencing by name of section

(C:\CTEX\MiKTeX\tex\generic\oberdiek\gettitlestring.sty
Package: gettitlestring 2010/12/03 v1.4 Cleanup title references (HO)
)
\c@section@level=\count127
)
LaTeX Info: Redefining \ref on input line 19.
LaTeX Info: Redefining \pageref on input line 19.
LaTeX Info: Redefining \nameref on input line 19.

("C:\workspace\paper\2016. T-CONV\KDD 2017 version\version 0.1\T-CONV.out")
("C:\workspace\paper\2016. T-CONV\KDD 2017 version\version 0.1\T-CONV.out")
\@outlinefile=\write4

(C:\CTEX\MiKTeX\tex\context\base\supp-pdf.mkii
[Loading MPS to PDF converter (version 2006.09.02).]
\scratchcounter=\count128
\scratchdimen=\dimen143
\scratchbox=\box35
\nofMPsegments=\count129
\nofMParguments=\count130
\everyMPshowfont=\toks32
\MPscratchCnt=\count131
\MPscratchDim=\dimen144
\MPnumerator=\count132
\makeMPintoPDFobject=\count133
\everyMPtoPDFconversion=\toks33
)
*geometry* driver: auto-detecting
*geometry* detected driver: pdftex
*geometry* verbose mode - [ preamble ] result:
* driver: pdftex
* paper: custom
* layout: <same size as paper>
* layoutoffset:(h,v)=(0.0pt,0.0pt)
* modes: includehead includefoot twoside 
* h-part:(L,W,R)=(54.0pt, 506.295pt, 54.0pt)
* v-part:(T,H,B)=(57.0pt, 664.96999pt, 73.0pt)
* \paperwidth=614.295pt
* \paperheight=794.96999pt
* \textwidth=506.295pt
* \textheight=625.96999pt
* \oddsidemargin=-18.26999pt
* \evensidemargin=-18.26999pt
* \topmargin=-15.26999pt
* \headheight=13.0pt
* \headsep=14.0pt
* \topskip=10.0pt
* \footskip=12.0pt
* \marginparwidth=90.0pt
* \marginparsep=11.0pt
* \columnsep=24.0pt
* \skip\footins=7.0pt plus 11.0pt
* \hoffset=0.0pt
* \voffset=0.0pt
* \mag=1000
* \@twocolumnfalse
* \@twosidetrue
* \@mparswitchtrue
* \@reversemarginfalse
* (1in=72.27pt=25.4mm, 1cm=28.453pt)

Package caption Info: Begin \AtBeginDocument code.
Package caption Info: float package is loaded.
Package caption Info: subfigure package is loaded.
Package caption Info: End \AtBeginDocument code.
LaTeX Font Info:    Try loading font information for OT1+phv on input line 35.
(C:\CTEX\MiKTeX\tex\latex\psnfss\ot1phv.fd
File: ot1phv.fd 2001/06/04 scalable font definitions for OT1/phv.
)
Package microtype Info: Loading generic settings for font family
(microtype)             `phv' (encoding: OT1).
(microtype)             For optimal results, create family-specific settings.
(microtype)             See the microtype manual for details.
LaTeX Font Info:    Font shape `OT1/phv/bx/n' in size <17.28> not available
(Font)              Font shape `OT1/phv/b/n' tried instead on input line 35.
LaTeX Font Info:    Try loading font information for TS1+ptm on input line 35.

(C:\CTEX\MiKTeX\tex\latex\psnfss\ts1ptm.fd
File: ts1ptm.fd 2001/06/04 font definitions for TS1/ptm.
)
LaTeX Font Info:    Font shape `OT1/ptm/bx/n' in size <9> not available
(Font)              Font shape `OT1/ptm/b/n' tried instead on input line 35.
LaTeX Font Info:    Font shape `OT1/ptm/bx/n' in size <10.95> not available
(Font)              Font shape `OT1/ptm/b/n' tried instead on input line 35.
LaTeX Font Info:    Font shape `OT1/ptm/bx/n' in size <8> not available
(Font)              Font shape `OT1/ptm/b/n' tried instead on input line 35.


LaTeX Warning: Reference `TotPages' on page 1 undefined on input line 35.

(C:\CTEX\UserData\tex\latex\microtype\mt-cmr.cfg
File: mt-cmr.cfg 2013/05/19 v2.2 microtype config. file: Computer Modern Roman 
(RS)
)
(C:\CTEX\UserData\tex\latex\microtype\mt-msa.cfg
File: mt-msa.cfg 2006/02/04 v1.1 microtype config. file: AMS symbols (a) (RS)
)
(C:\CTEX\UserData\tex\latex\microtype\mt-msb.cfg
File: mt-msb.cfg 2005/06/01 v1.0 microtype config. file: AMS symbols (b) (RS)
)

Package natbib Warning: Citation `kaggle2015' on page 1 undefined on input line
 45.


Package natbib Warning: Citation `de2015artificial' on page 1 undefined on inpu
t line 45.


Package natbib Warning: Citation `xue2013destination' on page 1 undefined on in
put line 45.


Package natbib Warning: Citation `xue2015solving' on page 1 undefined on input 
line 45.


Package natbib Warning: Citation `citation-0' on page 1 undefined on input line
 45.


Package natbib Warning: Citation `chen2015predicting' on page 1 undefined on in
put line 45.


Package natbib Warning: Citation `kaggle2015' on page 1 undefined on input line
 50.


Package natbib Warning: Citation `lecun1998gradient' on page 1 undefined on inp
ut line 57.


Package natbib Warning: Citation `krizhevsky2012imagenet' on page 1 undefined o
n input line 57.


Underfull \vbox (badness 8151) has occurred while \output is active []

 [1.1{C:/CTEX/UserData/pdftex/config/pdftex.map{Unicode.sfd}{UGBK.sfd}}

]

Package natbib Warning: Citation `zeiler2014visualizing' on page 2 undefined on
 input line 58.


Package natbib Warning: Citation `krumm2006predestination' on page 2 undefined 
on input line 67.


Package natbib Warning: Citation `wei2012constructing' on page 2 undefined on i
nput line 67.


Package natbib Warning: Citation `ziebart2008navigate' on page 2 undefined on i
nput line 67.


Package natbib Warning: Citation `krumm2006predestination' on page 2 undefined 
on input line 67.


Package natbib Warning: Citation `wei2012constructing' on page 2 undefined on i
nput line 67.


Package natbib Warning: Citation `ziebart2008navigate' on page 2 undefined on i
nput line 67.


Package natbib Warning: Citation `xue2013destination' on page 2 undefined on in
put line 67.


Package natbib Warning: Citation `xue2015solving' on page 2 undefined on input 
line 67.


Package natbib Warning: Citation `citation-0' on page 2 undefined on input line
 67.


Package natbib Warning: Citation `kim2007path' on page 2 undefined on input lin
e 67.


Package natbib Warning: Citation `chen2010system' on page 2 undefined on input 
line 67.


Package natbib Warning: Citation `chen2015predicting' on page 2 undefined on in
put line 70.


Package natbib Warning: Citation `besse2016destination' on page 2 undefined on 
input line 70.


Package natbib Warning: Citation `alvarez2010trip' on page 2 undefined on input
 line 70.


Package natbib Warning: Citation `yang2014predicting' on page 2 undefined on in
put line 70.


Package natbib Warning: Citation `de2015artificial' on page 2 undefined on inpu
t line 72.


Package natbib Warning: Citation `kaggle2015' on page 2 undefined on input line
 72.


Package natbib Warning: Citation `de2015artificial' on page 2 undefined on inpu
t line 72.


Package natbib Warning: Citation `hochreiter1997long' on page 2 undefined on in
put line 72.


Underfull \vbox (badness 10000) has occurred while \output is active []



Package natbib Warning: Citation `krumm2006predestination' on page 2 undefined 
on input line 74.


Package natbib Warning: Citation `wei2012constructing' on page 2 undefined on i
nput line 74.


Package natbib Warning: Citation `ziebart2008navigate' on page 2 undefined on i
nput line 74.


Package natbib Warning: Citation `xue2013destination' on page 2 undefined on in
put line 74.


Package natbib Warning: Citation `chen2015predicting' on page 2 undefined on in
put line 74.


Package natbib Warning: Citation `besse2016destination' on page 2 undefined on 
input line 74.


Package natbib Warning: Citation `alvarez2010trip' on page 2 undefined on input
 line 74.


Package natbib Warning: Citation `yang2014predicting' on page 2 undefined on in
put line 74.


Package natbib Warning: Citation `de2015artificial' on page 2 undefined on inpu
t line 74.



pdfTeX warning: pdflatex.exe (file C:/workspace/paper/2016. T-CONV/KDD 2017 ver
sion/version 0.1/fig/Doc1.pdf): PDF inclusion: found PDF version <1.7>, but at 
most version <1.5> allowed
<./fig/Doc1.pdf, id=77, 597.50786pt x 597.50786pt>
File: ./fig/Doc1.pdf Graphic file (type pdf)
 <use ./fig/Doc1.pdf>
Package pdftex.def Info: ./fig/Doc1.pdf used on input line 89.
(pdftex.def)             Requested size: 101.25745pt x 101.25589pt.


pdfTeX warning: pdflatex.exe (file C:/workspace/paper/2016. T-CONV/KDD 2017 ver
sion/version 0.1/fig/Doc2.pdf): PDF inclusion: found PDF version <1.7>, but at 
most version <1.5> allowed
<./fig/Doc2.pdf, id=78, 597.50786pt x 597.50786pt>
File: ./fig/Doc2.pdf Graphic file (type pdf)
 <use ./fig/Doc2.pdf>
Package pdftex.def Info: ./fig/Doc2.pdf used on input line 94.
(pdftex.def)             Requested size: 101.25745pt x 101.25589pt.


pdfTeX warning: pdflatex.exe (file C:/workspace/paper/2016. T-CONV/KDD 2017 ver
sion/version 0.1/fig/Doc3.pdf): PDF inclusion: found PDF version <1.7>, but at 
most version <1.5> allowed
<./fig/Doc3.pdf, id=79, 597.50786pt x 597.50786pt>
File: ./fig/Doc3.pdf Graphic file (type pdf)
 <use ./fig/Doc3.pdf>
Package pdftex.def Info: ./fig/Doc3.pdf used on input line 99.
(pdftex.def)             Requested size: 101.25745pt x 101.25589pt.


pdfTeX warning: pdflatex.exe (file C:/workspace/paper/2016. T-CONV/KDD 2017 ver
sion/version 0.1/fig/Doc4.pdf): PDF inclusion: found PDF version <1.7>, but at 
most version <1.5> allowed
<./fig/Doc4.pdf, id=80, 597.50786pt x 597.50786pt>
File: ./fig/Doc4.pdf Graphic file (type pdf)
 <use ./fig/Doc4.pdf>
Package pdftex.def Info: ./fig/Doc4.pdf used on input line 104.
(pdftex.def)             Requested size: 101.25745pt x 101.25589pt.

Underfull \vbox (badness 10000) has occurred while \output is active []

 [2.2]
Overfull \hbox (5.70622pt too wide) in paragraph at lines 120--122
\OT1/ptm/m/n/9 (-20) Here $\OML/cmm/m/it/9 P[]\OT1/cmr/m/n/9 (\OML/cmm/m/it/9 i
 \OMS/cmsy/m/n/9  \OT1/cmr/m/n/9 1)$ \OT1/ptm/m/n/9 (-20) is a G-P-S point of 
the tra-jec-to-ry. This one-dimensional
 []


Package natbib Warning: Citation `xue2013destination' on page 3 undefined on in
put line 123.


Package natbib Warning: Citation `krumm2006predestination' on page 3 undefined 
on input line 123.


Package natbib Warning: Citation `wei2012constructing' on page 3 undefined on i
nput line 123.


Package natbib Warning: Citation `ziebart2008navigate' on page 3 undefined on i
nput line 123.


Package natbib Warning: Citation `lecun1998gradient' on page 3 undefined on inp
ut line 128.


Package natbib Warning: Citation `krizhevsky2012imagenet' on page 3 undefined o
n input line 128.

LaTeX Font Info:    Font shape `OT1/ptm/bx/it' in size <9> not available
(Font)              Font shape `OT1/ptm/b/it' tried instead on input line 130.

Package natbib Warning: Citation `lecun1998gradient' on page 3 undefined on inp
ut line 142.


Package natbib Warning: Citation `krizhevsky2012imagenet' on page 3 undefined o
n input line 142.


Package natbib Warning: Citation `lecun1998gradient' on page 3 undefined on inp
ut line 144.


Package natbib Warning: Citation `krizhevsky2012imagenet' on page 3 undefined o
n input line 144.



pdfTeX warning: pdflatex.exe (file C:/workspace/paper/2016. T-CONV/KDD 2017 ver
sion/version 0.1/fig/cnn-new.pdf): PDF inclusion: found PDF version <1.7>, but 
at most version <1.5> allowed
<./fig/cnn-new.pdf, id=85, 597.50786pt x 682.86612pt>
File: ./fig/cnn-new.pdf Graphic file (type pdf)
 <use ./fig/cnn-new.pdf>
Package pdftex.def Info: ./fig/cnn-new.pdf used on input line 152.
(pdftex.def)             Requested size: 253.14749pt x 289.31296pt.

Overfull \hbox (12.0pt too wide) in paragraph at lines 151--155
 [][] 
 []


Package natbib Warning: Citation `de2015artificial' on page 3 undefined on inpu
t line 159.


Package natbib Warning: Citation `kaggle2015' on page 3 undefined on input line
 159.


Package natbib Warning: Citation `de2015artificial' on page 3 undefined on inpu
t line 159.

[3.3 <C:/workspace/paper/2016. T-CONV/KDD 2017 version/version 0.1/fig/Doc1.pdf
> <C:/workspace/paper/2016. T-CONV/KDD 2017 version/version 0.1/fig/Doc2.pdf> <
C:/workspace/paper/2016. T-CONV/KDD 2017 version/version 0.1/fig/Doc3.pdf> <C:/
workspace/paper/2016. T-CONV/KDD 2017 version/version 0.1/fig/Doc4.pdf>]

Package natbib Warning: Citation `de2015artificial' on page 4 undefined on inpu
t line 164.


Package natbib Warning: Citation `de2015artificial' on page 4 undefined on inpu
t line 164.

<./fig/Doc10.pdf, id=217, 597.55246pt x 597.55246pt>
File: ./fig/Doc10.pdf Graphic file (type pdf)
 <use ./fig/Doc10.pdf>
Package pdftex.def Info: ./fig/Doc10.pdf used on input line 171.
(pdftex.def)             Requested size: 202.51491pt x 202.50865pt.

<./fig/Doc11.pdf, id=218, 597.55246pt x 597.55246pt>
File: ./fig/Doc11.pdf Graphic file (type pdf)
 <use ./fig/Doc11.pdf>
Package pdftex.def Info: ./fig/Doc11.pdf used on input line 182.
(pdftex.def)             Requested size: 202.51491pt x 202.50865pt.


Package natbib Warning: Citation `zeiler2014visualizing' on page 4 undefined on
 input line 191.


Package natbib Warning: Citation `kaggle2015' on page 4 undefined on input line
 191.


Package natbib Warning: Citation `zeiler2014visualizing' on page 4 undefined on
 input line 192.


LaTeX Warning: Reference `L22' on page 4 undefined on input line 194.


LaTeX Warning: Reference `L12' on page 4 undefined on input line 194.


LaTeX Warning: Reference `L12' on page 4 undefined on input line 194.


LaTeX Warning: Reference `L22' on page 4 undefined on input line 194.

[4.4 <C:/workspace/paper/2016. T-CONV/KDD 2017 version/version 0.1/fig/cnn-new.
pdf> <C:/workspace/paper/2016. T-CONV/KDD 2017 version/version 0.1/fig/Doc10.pd
f> <C:/workspace/paper/2016. T-CONV/KDD 2017 version/version 0.1/fig/Doc11.pdf>
]

LaTeX Warning: Reference `L22' on page 5 undefined on input line 198.


LaTeX Warning: Reference `L12' on page 5 undefined on input line 198.


LaTeX Warning: Reference `L22' on page 5 undefined on input line 198.


Package natbib Warning: Citation `xue2013destination' on page 5 undefined on in
put line 203.


Package natbib Warning: Citation `xue2015solving' on page 5 undefined on input 
line 203.


LaTeX Warning: Reference `sparsity' on page 5 undefined on input line 203.


Package natbib Warning: Citation `kaggle2015' on page 5 undefined on input line
 203.



pdfTeX warning: pdflatex.exe (file C:/workspace/paper/2016. T-CONV/KDD 2017 ver
sion/version 0.1/fig/Doc6.pdf): PDF inclusion: found PDF version <1.7>, but at 
most version <1.5> allowed
<./fig/Doc6.pdf, id=321, 284.52756pt x 184.94292pt>
File: ./fig/Doc6.pdf Graphic file (type pdf)
 <use ./fig/Doc6.pdf>
Package pdftex.def Info: ./fig/Doc6.pdf used on input line 209.
(pdftex.def)             Requested size: 202.51491pt x 131.63773pt.


LaTeX Warning: Reference `T-CONV-local' on page 5 undefined on input line 218.



pdfTeX warning: pdflatex.exe (file C:/workspace/paper/2016. T-CONV/KDD 2017 ver
sion/version 0.1/fig/Doc5.pdf): PDF inclusion: found PDF version <1.7>, but at 
most version <1.5> allowed
<./fig/Doc5.pdf, id=322, 597.50786pt x 597.50786pt>
File: ./fig/Doc5.pdf Graphic file (type pdf)
 <use ./fig/Doc5.pdf>
Package pdftex.def Info: ./fig/Doc5.pdf used on input line 223.
(pdftex.def)             Requested size: 202.51491pt x 202.51178pt.
LaTeX Font Info:    Font shape `OT1/ptm/bx/n' in size <7> not available
(Font)              Font shape `OT1/ptm/b/n' tried instead on input line 254.


LaTeX Warning: `h' float specifier changed to `ht'.


Package natbib Warning: Citation `kaggle2015' on page 5 undefined on input line
 279.


Package natbib Warning: Citation `de2015artificial' on page 5 undefined on inpu
t line 279.

[5.5 <C:/workspace/paper/2016. T-CONV/KDD 2017 version/version 0.1/fig/Doc6.pdf
> <C:/workspace/paper/2016. T-CONV/KDD 2017 version/version 0.1/fig/Doc5.pdf>]

Package natbib Warning: Citation `de2015artificial' on page 6 undefined on inpu
t line 281.


Package natbib Warning: Citation `kaggle2015' on page 6 undefined on input line
 281.

pdfTeX warning (ext4): destination with the same identifier (name{equation.0.2}
) has been already used, duplicate ignored
<to be read again> 
                   \relax 
l.295  \begin{eqnarray}
                       pdfTeX warning (ext4): destination with the same identif
ier (name{equation.0.2}) has been already used, duplicate ignored
<to be read again> 
                   \relax 
l.295  \begin{eqnarray}
                       pdfTeX warning (ext4): destination with the same identif
ier (name{equation.0.2}) has been already used, duplicate ignored
<to be read again> 
                   \relax 
l.295  \begin{eqnarray}
                       pdfTeX warning (ext4): destination with the same identif
ier (name{equation.0.2}) has been already used, duplicate ignored
<to be read again> 
                   \relax 
l.295  \begin{eqnarray}
                       pdfTeX warning (ext4): destination with the same identif
ier (name{equation.0.2}) has been already used, duplicate ignored
<to be read again> 
                   \relax 
l.299  \begin{eqnarray}
                       pdfTeX warning (ext4): destination with the same identif
ier (name{equation.0.2}) has been already used, duplicate ignored
<to be read again> 
                   \relax 
l.299  \begin{eqnarray}
                       pdfTeX warning (ext4): destination with the same identif
ier (name{equation.0.2}) has been already used, duplicate ignored
<to be read again> 
                   \relax 
l.299  \begin{eqnarray}
                       pdfTeX warning (ext4): destination with the same identif
ier (name{equation.0.2}) has been already used, duplicate ignored
<to be read again> 
                   \relax 
l.299  \begin{eqnarray}
                       
Missing character: There is no £ in font cmr9!
Missing character: There is no ¨ in font cmr9!
Missing character: There is no £ in font cmr9!
Missing character: There is no © in font cmr9!
Missing character: There is no £ in font cmr9!
Missing character: There is no ¨ in font cmr9!
Missing character: There is no £ in font cmr9!
Missing character: There is no © in font cmr9!


LaTeX Warning: Reference `ratio' on page 6 undefined on input line 308.


LaTeX Warning: Reference `ratio' on page 6 undefined on input line 308.



pdfTeX warning: pdflatex.exe (file C:/workspace/paper/2016. T-CONV/KDD 2017 ver
sion/version 0.1/fig/Doc7.pdf): PDF inclusion: found PDF version <1.7>, but at 
most version <1.5> allowed
<./fig/Doc7.pdf, id=457, 284.52756pt x 184.94292pt>
File: ./fig/Doc7.pdf Graphic file (type pdf)
 <use ./fig/Doc7.pdf>
Package pdftex.def Info: ./fig/Doc7.pdf used on input line 315.
(pdftex.def)             Requested size: 202.51491pt x 131.63773pt.


LaTeX Warning: Reference `T-CONV-local' on page 6 undefined on input line 327.


LaTeX Warning: Reference `differentWM' on page 6 undefined on input line 331.


LaTeX Warning: Reference `differentWM' on page 6 undefined on input line 331.


LaTeX Warning: Reference `differentWM' on page 6 undefined on input line 331.


LaTeX Warning: Reference `T-CONV-global' on page 6 undefined on input line 331.



LaTeX Warning: Reference `differentWM' on page 6 undefined on input line 331.



pdfTeX warning: pdflatex.exe (file C:/workspace/paper/2016. T-CONV/KDD 2017 ver
sion/version 0.1/fig/Doc8.pdf): PDF inclusion: found PDF version <1.7>, but at 
most version <1.5> allowed
<./fig/Doc8.pdf, id=458, 284.52756pt x 184.94292pt>
File: ./fig/Doc8.pdf Graphic file (type pdf)
 <use ./fig/Doc8.pdf>
Package pdftex.def Info: ./fig/Doc8.pdf used on input line 339.
(pdftex.def)             Requested size: 202.51491pt x 131.63773pt.


pdfTeX warning: pdflatex.exe (file C:/workspace/paper/2016. T-CONV/KDD 2017 ver
sion/version 0.1/fig/Doc9.pdf): PDF inclusion: found PDF version <1.7>, but at 
most version <1.5> allowed
<./fig/Doc9.pdf, id=459, 284.52756pt x 184.94292pt>
File: ./fig/Doc9.pdf Graphic file (type pdf)
 <use ./fig/Doc9.pdf>
Package pdftex.def Info: ./fig/Doc9.pdf used on input line 344.
(pdftex.def)             Requested size: 202.51491pt x 131.63773pt.

[6.6 <C:/workspace/paper/2016. T-CONV/KDD 2017 version/version 0.1/fig/Doc7.pdf
>] ("C:\workspace\paper\2016. T-CONV\KDD 2017 version\version 0.1\T-CONV.bbl")

Package natbib Warning: There were undefined citations.

[7.7 <C:/workspace/paper/2016. T-CONV/KDD 2017 version/version 0.1/fig/Doc8.pdf
> <C:/workspace/paper/2016. T-CONV/KDD 2017 version/version 0.1/fig/Doc9.pdf>]
Package atveryend Info: Empty hook `BeforeClearDocument' on input line 359.
Package atveryend Info: Empty hook `AfterLastShipout' on input line 359.

("C:\workspace\paper\2016. T-CONV\KDD 2017 version\version 0.1\T-CONV.aux"

Package natbib Warning: Citation(s) may have changed.
(natbib)                Rerun to get citations correct.

)
Package atveryend Info: Executing hook `AtVeryEndDocument' on input line 359.
Package atveryend Info: Executing hook `AtEndAfterFileList' on input line 359.


Package rerunfilecheck Warning: File `T-CONV.out' has changed.
(rerunfilecheck)                Rerun to get outlines right
(rerunfilecheck)                or use package `bookmark'.

Package rerunfilecheck Info: Checksums for `T-CONV.out':
(rerunfilecheck)             Before: 3EEB79244D31C2757ABF4362A7CA8062;3372
(rerunfilecheck)             After:  ED40C245DA958E34D848E74054E2E2A4;2490.

LaTeX Warning: There were undefined references.


LaTeX Warning: Label(s) may have changed. Rerun to get cross-references right.

 ) 
Here is how much of TeX's memory you used:
 13265 strings out of 495354
 189794 string characters out of 3183859
 337338 words of memory out of 3000000
 15779 multiletter control sequences out of 15000+200000
 42871 words of font info for 221 fonts, out of 3000000 for 9000
 175 hyphenation exceptions out of 8191
 60i,12n,94p,1915b,447s stack positions out of 5000i,500n,10000p,200000b,50000s
pdfTeX warning (dest): name{section*.26} has been referenced but does not exi
st, replaced by a fixed one

pdfTeX warning (dest): name{section*.20} has been referenced but does not exist
, replaced by a fixed one

pdfTeX warning (dest): name{section*.9} has been referenced but does not exist,
 replaced by a fixed one

pdfTeX warning (dest): name{section*.6} has been referenced but does not exist,
 replaced by a fixed one

pdfTeX warning (dest): name{section*.5} has been referenced but does not exist,
 replaced by a fixed one

pdfTeX warning (dest): name{section*.4} has been referenced but does not exist,
 replaced by a fixed one

{C:/CTEX/MiKTeX/fonts/enc/dvips/fontname/8r.enc}<C:/CTEX/MiKTeX/fonts/type1/pub
lic/amsfonts/cmextra/cmex9.pfb><C:/CTEX/MiKTeX/fonts/type1/public/amsfonts/cm/c
mmi6.pfb><C:/CTEX/MiKTeX/fonts/type1/public/amsfonts/cm/cmmi9.pfb><C:/CTEX/MiKT
eX/fonts/type1/public/amsfonts/cm/cmr6.pfb><C:/CTEX/MiKTeX/fonts/type1/public/a
msfonts/cm/cmr9.pfb><C:/CTEX/MiKTeX/fonts/type1/public/amsfonts/cm/cmsy9.pfb><C
:/CTEX/MiKTeX/fonts/type1/public/amsfonts/symbols/msbm10.pfb><C:/CTEX/MiKTeX/fo
nts/type1/urw/helvetic/uhvb8a.pfb><C:/CTEX/MiKTeX/fonts/type1/urw/times/utmb8a.
pfb><C:/CTEX/MiKTeX/fonts/type1/urw/times/utmbi8a.pfb><C:/CTEX/MiKTeX/fonts/typ
e1/urw/times/utmr8a.pfb><C:/CTEX/MiKTeX/fonts/type1/urw/times/utmri8a.pfb>
Output written on T-CONV.pdf (7 pages, 1353641 bytes).
PDF statistics:
 596 PDF objects out of 1000 (max. 8388607)
 59 named destinations out of 1000 (max. 500000)
 35517 words of extra memory for PDF output out of 35830 (max. 10000000)

